<?xml version="1.0" encoding="UTF-8"?>
<testsuite xmlns:xsi="http://www.w3.org/2001/XMLSchema-instance" xsi:noNamespaceSchemaLocation="https://maven.apache.org/surefire/maven-surefire-plugin/xsd/surefire-test-report.xsd" version="3.0.2" name="org.springframework.samples.petclinic.owner.OwnerControllerTests" time="0.474" tests="13" errors="0" skipped="0" failures="0">
  <properties>
[...]
</properties>
  <testcase name="testProcessUpdateOwnerFormHasErrors" classname="org.springframework.samples.petclinic.owner.OwnerControllerTests" time="0.096">
    <system-out><![CDATA[2025-07-16T17:09:17.610+02:00  INFO 45402 --- [           main] t.c.s.AnnotationConfigContextLoaderUtils : Could not detect default configuration classes for test class [org.springframework.samples.petclinic.owner.OwnerControllerTests]: OwnerControllerTests does not declare any static, non-private, non-final, nested classes annotated with @Configuration.
2025-07-16T17:09:17.625+02:00  INFO 45402 --- [           main] .b.t.c.SpringBootTestContextBootstrapper : Found @SpringBootConfiguration org.springframework.samples.petclinic.PetClinicApplication for test class org.springframework.samples.petclinic.owner.OwnerControllerTests
2025-07-16T17:09:17.629+02:00  INFO 45402 --- [           main] o.s.b.d.r.RestartApplicationListener     : Restart disabled due to context in which it is running


              |\      _,,,--,,_
             /,`.-'`'   ._  \-;;,_
  _______ __|,4-  ) )_   .;.(__`'-'__     ___ __    _ ___ _______
 |       | '---''(_/._)-'(_\_)   |   |   |   |  |  | |   |       |
 |    _  |    ___|_     _|       |   |   |   |   |_| |   |       | __ _ _
 |   |_| |   |___  |   | |       |   |   |   |       |   |       | \ \ \ \
 |    ___|    ___| |   | |      _|   |___|   |  _    |   |      _|  \ \ \ \
 |   |   |   |___  |   | |     |_|       |   | | |   |   |     |_    ) ) ) )
 |___|   |_______| |___| |_______|_______|___|_|  |__|___|_______|  / / / /
 ==================================================================/_/_/_/

:: Built with Spring Boot :: 3.5.0


2025-07-16T17:09:17.645+02:00  INFO 45402 --- [           main] o.s.s.p.owner.OwnerControllerTests       : Starting OwnerControllerTests using Java 24.0.1 with PID 45402 (started by alexandr-bezobrazov in /Users/alexandr-bezobrazov/dev_ops_course/r_d_petclinic)
2025-07-16T17:09:17.645+02:00  INFO 45402 --- [           main] o.s.s.p.owner.OwnerControllerTests       : No active profile set, falling back to 1 default profile: "default"
2025-07-16T17:09:17.855+02:00  INFO 45402 --- [           main] o.s.b.t.m.w.SpringBootMockServletContext : Initializing Spring TestDispatcherServlet ''
2025-07-16T17:09:17.856+02:00  INFO 45402 --- [           main] o.s.t.web.servlet.TestDispatcherServlet  : Initializing Servlet ''
2025-07-16T17:09:17.856+02:00  INFO 45402 --- [           main] o.s.t.web.servlet.TestDispatcherServlet  : Completed initialization in 0 ms
2025-07-16T17:09:17.861+02:00  INFO 45402 --- [           main] o.s.s.p.owner.OwnerControllerTests       : Started OwnerControllerTests in 0.232 seconds (process running for 3.266)
]]></system-out>
  </testcase>
  <testcase name="testProcessCreationFormSuccess" classname="org.springframework.samples.petclinic.owner.OwnerControllerTests" time="0.006"/>
  <testcase name="testInitFindForm" classname="org.springframework.samples.petclinic.owner.OwnerControllerTests" time="0.012"/>
  <testcase name="testShowOwner" classname="org.springframework.samples.petclinic.owner.OwnerControllerTests" time="0.037"/>
  <testcase name="testProcessUpdateOwnerFormWithIdMismatch" classname="org.springframework.samples.petclinic.owner.OwnerControllerTests" time="0.004"/>
  <testcase name="testInitUpdateOwnerForm" classname="org.springframework.samples.petclinic.owner.OwnerControllerTests" time="0.009"/>
  <testcase name="testInitCreationForm" classname="org.springframework.samples.petclinic.owner.OwnerControllerTests" time="0.008"/>
  <testcase name="testProcessFindFormByLastName" classname="org.springframework.samples.petclinic.owner.OwnerControllerTests" time="0.004"/>
  <testcase name="testProcessFindFormNoOwnersFound" classname="org.springframework.samples.petclinic.owner.OwnerControllerTests" time="0.007"/>
  <testcase name="testProcessFindFormSuccess" classname="org.springframework.samples.petclinic.owner.OwnerControllerTests" time="0.014"/>
  <testcase name="testProcessUpdateOwnerFormSuccess" classname="org.springframework.samples.petclinic.owner.OwnerControllerTests" time="0.004"/>
  <testcase name="testProcessCreationFormHasErrors" classname="org.springframework.samples.petclinic.owner.OwnerControllerTests" time="0.008"/>
  <testcase name="testProcessUpdateOwnerFormUnchangedSuccess" classname="org.springframework.samples.petclinic.owner.OwnerControllerTests" time="0.003"/>
</testsuite>